  main.cpp
c:\users\mateusz\desktop\exterra\main.cpp(99): warning C4244: "argument": konwersja z "time_t" do "unsigned int", możliwa utrata danych
c:\users\mateusz\desktop\exterra\main.cpp(268): warning C4244: "argument": konwersja z "double" do "T", możliwa utrata danych
          with
          [
              T=float
          ]
c:\users\mateusz\desktop\exterra\main.cpp(269): warning C4244: "argument": konwersja z "double" do "T", możliwa utrata danych
          with
          [
              T=float
          ]
c:\users\mateusz\desktop\exterra\main.cpp(279): warning C4244: "argument": konwersja z "double" do "T", możliwa utrata danych
          with
          [
              T=float
          ]
c:\users\mateusz\desktop\exterra\main.cpp(280): warning C4244: "argument": konwersja z "double" do "T", możliwa utrata danych
          with
          [
              T=float
          ]
  tile.cpp
  Generowanie kodu...
  exTerra.vcxproj -> C:\Users\Mateusz\Desktop\exTerra\Debug\exTerra.exe
